<?xml version="1.0" encoding="UTF-8"?>
<!-- Generated by org.testng.reporters.JUnitXMLReporter -->
<testsuite ignored="0" hostname="DESKTOP-MIK9SKN" failures="0" tests="5" name="Default test" time="23.971" errors="0" timestamp="27 Jul 2023 15:08:28 GMT">
  <testcase classname="com.cross.parallel.ParallelTesting" name="searchApi" time="7.15"/>
  <testcase classname="com.cross.parallel.ParallelTesting" name="searchJava" time="3.48"/>
  <testcase classname="com.cross.parallel.ParallelTesting" name="searchSelenium" time="3.527"/>
  <testcase classname="com.cross.parallel.ParallelTesting" name="searchTestNG" time="5.395"/>
  <testcase classname="com.cross.parallel.ParallelTesting" name="searchbdd" time="3.767"/>
</testsuite> <!-- Default test -->
