<?xml version="1.0" encoding="UTF-8"?>
<!-- Generated by org.testng.reporters.JUnitXMLReporter -->
<testsuite ignored="0" hostname="DESKTOP-MIK9SKN" failures="1" tests="1" name="FirefoxTest" time="0.026" errors="0" timestamp="27 Jul 2023 11:02:16 GMT">
  <testcase classname="com.cross.parallel.CrossBrowser" name="searchJava" time="0.001">
    <failure type="java.lang.Error" message="Unresolved compilation problem: 
	Cannot switch on a value of type String for source level below 1.7. Only convertible int values or enum variables are permitted
">
      <![CDATA[java.lang.Error: Unresolved compilation problem: 
Cannot switch on a value of type String for source level below 1.7. Only convertible int values or enum variables are permitted

at com.base.utils.BaseClass.browserOpen(BaseClass.java:120)
at com.cross.parallel.CrossBrowser.searchJava(CrossBrowser.java:15)
... Removed 25 stack frames]]>
    </failure>
  </testcase> <!-- searchJava -->
</testsuite> <!-- FirefoxTest -->
